<?xml version="1.0" encoding="UTF-8"?>
<beans xmlns="http://www.springframework.org/schema/beans"
       xmlns:xsi="http://www.w3.org/2001/XMLSchema-instance"
       xsi:schemaLocation="http://www.springframework.org/schema/beans http://www.springframework.org/schema/beans/spring-beans.xsd">

    <bean id="user" class="toby.spring.step1.user1_2.User">
        <property name="id" value="testId"/>
        <property name="password" value="testPw"/>
        <property name="name" value="testName"/>
    </bean>
</beans>